TN:
SF:script/01_CreatePoolAndAddLiquidity.s.sol
DA:36,0
FN:36,CreatePoolAndAddLiquidityScript.run
FNDA:0,CreatePoolAndAddLiquidityScript.run
DA:37,0
DA:45,0
DA:47,0
DA:49,0
DA:50,0
DA:53,0
DA:62,0
DA:63,0
DA:65,0
DA:70,0
DA:73,0
DA:76,0
DA:81,0
DA:83,0
DA:84,0
DA:87,0
DA:88,0
FNF:1
FNH:0
LF:18
LH:0
BRF:0
BRH:0
end_of_record
TN:
SF:script/02_AddLiquidity.s.sol
DA:38,0
FN:38,AddLiquidityScript.run
FNDA:0,AddLiquidityScript.run
DA:39,0
DA:46,0
DA:48,0
DA:50,0
DA:52,0
DA:53,0
DA:56,0
DA:65,0
DA:66,0
DA:68,0
DA:73,0
DA:76,0
DA:81,0
DA:83,0
DA:84,0
DA:87,0
DA:88,0
FNF:1
FNH:0
LF:18
LH:0
BRF:0
BRH:0
end_of_record
TN:
SF:script/03_Swap.s.sol
DA:9,0
FN:9,SwapScript.run
FNDA:0,SwapScript.run
DA:10,0
DA:17,0
DA:19,0
DA:22,0
DA:23,0
DA:26,0
DA:36,0
FNF:1
FNH:0
LF:8
LH:0
BRF:0
BRH:0
end_of_record
TN:
SF:script/base/BaseScript.sol
DA:35,0
FN:35,BaseScript.constructor
FNDA:0,BaseScript.constructor
DA:36,0
DA:37,0
DA:38,0
DA:40,0
DA:42,0
DA:44,0
DA:45,0
DA:47,0
DA:48,0
DA:49,0
DA:50,0
DA:51,0
DA:54,0
FN:54,BaseScript.getCurrencies
FNDA:0,BaseScript.getCurrencies
DA:55,0
BRDA:55,0,0,-
BRDA:55,0,1,-
DA:57,0
BRDA:57,1,0,-
BRDA:57,1,1,-
DA:58,0
DA:60,0
DA:64,0
FN:64,BaseScript.getDeployer
FNDA:0,BaseScript.getDeployer
DA:65,0
DA:67,0
BRDA:67,2,0,-
BRDA:67,2,1,-
DA:69,0
FNF:3
FNH:0
LF:22
LH:0
BRF:6
BRH:0
end_of_record
TN:
SF:script/base/LiquidityHelpers.sol
DA:13,0
FN:13,LiquidityHelpers._mintLiquidityParams
FNDA:0,LiquidityHelpers._mintLiquidityParams
DA:23,0
DA:27,0
DA:28,0
DA:29,0
DA:30,0
DA:31,0
DA:33,0
DA:36,0
FN:36,LiquidityHelpers.tokenApprovals
FNDA:0,LiquidityHelpers.tokenApprovals
DA:37,0
BRDA:37,0,0,-
DA:38,0
DA:39,0
DA:42,0
BRDA:42,1,0,-
DA:43,0
DA:44,0
FNF:2
FNH:0
LF:15
LH:0
BRF:2
BRH:0
end_of_record
TN:
SF:src/DailyEpochGauge.sol
DA:99,91
FN:99,DailyEpochGauge.constructor
FNDA:91,DailyEpochGauge.constructor
DA:107,91
DA:108,91
DA:109,91
DA:110,91
DA:111,91
DA:112,91
DA:113,91
DA:120,254366
FN:120,DailyEpochGauge.onlyFeeProcessor
FNDA:254366,DailyEpochGauge.onlyFeeProcessor
DA:121,254366
BRDA:121,0,0,1
DA:125,106
FN:125,DailyEpochGauge.onlyHook
FNDA:106,DailyEpochGauge.onlyHook
DA:126,106
BRDA:126,1,0,-
DA:130,307
FN:130,DailyEpochGauge.onlyPositionManagerAdapter
FNDA:307,DailyEpochGauge.onlyPositionManagerAdapter
DA:131,307
BRDA:131,2,0,-
DA:139,62
FN:139,DailyEpochGauge.setFeeProcessor
FNDA:62,DailyEpochGauge.setFeeProcessor
DA:140,62
BRDA:140,3,0,-
DA:141,62
DA:142,62
DA:145,37
FN:145,DailyEpochGauge.setPositionManagerAdapter
FNDA:37,DailyEpochGauge.setPositionManagerAdapter
DA:146,37
BRDA:146,4,0,-
DA:147,37
DA:148,37
DA:151,0
FN:151,DailyEpochGauge.setHook
FNDA:0,DailyEpochGauge.setHook
DA:152,0
BRDA:152,5,0,-
DA:153,0
DA:154,0
DA:163,106
FN:163,DailyEpochGauge.initPool
FNDA:106,DailyEpochGauge.initPool
DA:164,106
DA:165,106
DA:169,257643
FN:169,DailyEpochGauge.rollIfNeeded
FNDA:257643,DailyEpochGauge.rollIfNeeded
DA:170,257643
DA:173,257643
BRDA:173,6,0,306
DA:174,306
DA:175,306
DA:176,306
DA:177,306
DA:178,306
DA:179,306
DA:180,306
DA:184,849932
DA:185,592595
DA:191,254366
FN:191,DailyEpochGauge.addRewards
FNDA:254366,DailyEpochGauge.addRewards
DA:192,254365
DA:193,254365
DA:197,79
FN:197,DailyEpochGauge.pokePool
FNDA:79,DailyEpochGauge.pokePool
DA:198,79
DA:200,79
DA:204,291
FN:204,DailyEpochGauge.streamRate
FNDA:291,DailyEpochGauge.streamRate
DA:205,946
DA:209,1
FN:209,DailyEpochGauge.claim
FNDA:1,DailyEpochGauge.claim
DA:210,1
DA:211,1
BRDA:211,7,0,1
DA:212,1
DA:213,1
DA:221,9
FN:221,DailyEpochGauge.claimAllForOwner
FNDA:9,DailyEpochGauge.claimAllForOwner
DA:222,9
DA:223,9
DA:224,9
DA:227,9
DA:228,9
DA:229,9
DA:230,10
DA:231,10
DA:232,10
DA:235,10
DA:236,10
DA:238,10
DA:239,10
BRDA:239,8,0,10
DA:244,9
BRDA:244,9,0,8
DA:245,8
DA:248,9
BRDA:248,10,0,6
DA:249,6
DA:250,6
DA:259,7
FN:259,DailyEpochGauge.getPoolData
FNDA:7,DailyEpochGauge.getPoolData
DA:264,7
DA:265,7
DA:266,7
DA:270,0
FN:270,DailyEpochGauge.getPoolDataBatch
FNDA:0,DailyEpochGauge.getPoolDataBatch
DA:279,0
DA:280,0
DA:281,0
DA:282,0
DA:283,0
DA:284,0
DA:285,0
DA:286,0
DA:291,20
FN:291,DailyEpochGauge.pendingRewards
FNDA:20,DailyEpochGauge.pendingRewards
DA:296,20
DA:297,20
DA:298,20
DA:299,20
DA:303,1
FN:303,DailyEpochGauge.nextEpochEndsIn
FNDA:1,DailyEpochGauge.nextEpochEndsIn
DA:304,1
DA:305,1
DA:309,8
FN:309,DailyEpochGauge.pendingRewardsOwner
FNDA:8,DailyEpochGauge.pendingRewardsOwner
DA:310,8
DA:314,0
FN:314,DailyEpochGauge.pendingRewardsOwnerBatch
FNDA:0,DailyEpochGauge.pendingRewardsOwnerBatch
DA:319,0
DA:320,0
DA:321,0
DA:322,0
DA:327,8
FN:327,DailyEpochGauge._pendingRewardsOwner
FNDA:8,DailyEpochGauge._pendingRewardsOwner
DA:328,8
DA:329,8
DA:330,8
DA:331,8
DA:332,7
DA:333,7
DA:334,7
DA:335,7
DA:336,7
DA:337,7
DA:346,592603
FN:346,DailyEpochGauge._rollOnce
FNDA:592603,DailyEpochGauge._rollOnce
DA:348,592603
DA:351,592603
DA:352,592603
DA:353,592603
DA:354,592603
DA:357,592603
DA:358,592603
DA:359,592603
DA:363,592603
DA:365,592603
DA:369,0
FN:369,DailyEpochGauge._removePosition
FNDA:0,DailyEpochGauge._removePosition
DA:370,0
DA:377,655
FN:377,DailyEpochGauge._ensureEpoch
FNDA:655,DailyEpochGauge._ensureEpoch
DA:378,655
DA:379,655
BRDA:379,11,0,285
DA:380,285
DA:381,285
DA:382,285
DA:383,285
DA:384,285
DA:385,285
DA:386,285
DA:390,378
DA:391,8
DA:397,655
FN:397,DailyEpochGauge._syncPoolState
FNDA:655,DailyEpochGauge._syncPoolState
DA:399,655
DA:402,655
DA:405,655
DA:407,655
DA:411,538
FN:411,DailyEpochGauge._ensureTickInitialised
FNDA:538,DailyEpochGauge._ensureTickInitialised
DA:412,538
DA:413,538
BRDA:413,12,0,4
DA:414,4
DA:415,4
DA:416,4
DA:425,307
FN:425,DailyEpochGauge.notifySubscribe
FNDA:307,DailyEpochGauge.notifySubscribe
DA:426,307
DA:427,307
DA:428,307
DA:430,307
DA:432,307
DA:435,307
DA:445,307
DA:446,307
DA:449,307
DA:452,307
DA:456,94
FN:456,DailyEpochGauge.notifyUnsubscribe
FNDA:94,DailyEpochGauge.notifyUnsubscribe
DA:457,94
DA:458,94
DA:459,94
DA:460,94
DA:462,94
DA:466,94
DA:467,94
DA:468,94
DA:471,94
DA:472,94
DA:475,94
DA:483,94
DA:484,94
DA:485,94
DA:489,86
FN:489,DailyEpochGauge.notifyBurn
FNDA:86,DailyEpochGauge.notifyBurn
DA:495,86
DA:496,86
DA:498,86
DA:502,86
DA:503,86
DA:504,86
DA:507,86
DA:508,86
DA:511,86
DA:512,86
DA:513,86
DA:516,86
DA:527,89
FN:527,DailyEpochGauge.notifyModifyLiquidity
FNDA:89,DailyEpochGauge.notifyModifyLiquidity
DA:531,89
DA:532,89
DA:534,89
DA:536,89
DA:537,89
DA:539,89
DA:543,89
DA:544,89
DA:545,89
DA:547,89
DA:548,89
DA:553,89
DA:563,89
BRDA:563,13,0,87
BRDA:563,13,1,2
DA:564,87
DA:565,87
DA:566,87
DA:568,2
FNF:30
FNH:26
LF:205
LH:185
BRF:15
BRH:10
end_of_record
TN:
SF:src/DeliHook.sol
DA:72,55
FN:72,DeliHook.constructor
FNDA:55,DeliHook.constructor
DA:80,55
BRDA:80,0,0,-
DA:82,55
DA:83,55
DA:84,55
DA:85,55
DA:86,55
DA:95,44
FN:95,DeliHook.setFeeProcessor
FNDA:44,DeliHook.setFeeProcessor
DA:96,44
BRDA:96,1,0,-
DA:97,44
DA:98,44
DA:103,44
FN:103,DeliHook.setDailyEpochGauge
FNDA:44,DeliHook.setDailyEpochGauge
DA:104,44
BRDA:104,2,0,-
DA:105,44
DA:106,44
DA:111,44
FN:111,DeliHook.setIncentiveGauge
FNDA:44,DeliHook.setIncentiveGauge
DA:112,44
BRDA:112,3,0,-
DA:113,44
DA:114,44
DA:121,55
FN:121,DeliHook.getHookPermissions
FNDA:55,DeliHook.getHookPermissions
DA:122,55
DA:123,55
DA:124,55
DA:125,55
DA:126,55
DA:127,55
DA:128,0
DA:136,58
FN:136,DeliHook._beforeInitialize
FNDA:58,DeliHook._beforeInitialize
DA:143,58
BRDA:143,4,0,-
DA:144,0
DA:148,58
BRDA:148,5,0,1
DA:149,1
DA:152,57
BRDA:152,6,0,-
DA:153,57
BRDA:153,7,0,-
DA:154,57
BRDA:154,8,0,-
DA:156,57
DA:160,55
FN:160,DeliHook._afterInitialize
FNDA:55,DeliHook._afterInitialize
DA:162,55
DA:163,55
DA:165,55
DA:174,55
FN:174,DeliHook._beforeSwap
FNDA:55,DeliHook._beforeSwap
DA:180,55
DA:183,55
DA:184,55
DA:187,55
DA:192,55
DA:195,55
DA:198,55
DA:203,55
DA:207,55
DA:210,55
DA:211,55
DA:212,55
DA:215,55
DA:217,55
BRDA:217,9,0,2
BRDA:217,9,1,53
DA:220,2
DA:221,53
BRDA:221,10,0,20
DA:223,20
DA:226,55
DA:234,55
FN:234,DeliHook._afterSwap
FNDA:55,DeliHook._afterSwap
DA:242,55
DA:243,55
DA:244,55
DA:247,55
DA:248,55
DA:249,55
DA:252,55
BRDA:252,11,0,36
DA:254,36
DA:255,36
DA:256,36
DA:260,55
DA:263,55
DA:265,55
BRDA:265,12,0,54
DA:267,54
DA:269,19
BRDA:269,13,0,19
BRDA:269,13,1,35
DA:272,19
DA:275,35
DA:279,54
DA:282,54
BRDA:282,14,0,31
DA:284,31
DA:289,55
DA:291,55
DA:295,110
FN:295,DeliHook._clearHookDeltas
FNDA:110,DeliHook._clearHookDeltas
DA:297,110
DA:298,110
BRDA:298,15,0,-
BRDA:298,15,1,110
DA:299,0
DA:300,110
BRDA:300,16,0,-
DA:301,0
DA:305,110
DA:306,110
BRDA:306,17,0,-
BRDA:306,17,1,110
DA:307,0
DA:308,110
BRDA:308,18,0,-
DA:309,0
DA:313,110
DA:314,110
FNF:10
FNH:10
LF:95
LH:89
BRF:23
BRH:11
end_of_record
TN:
SF:src/DeliHookConstantProduct.sol
DA:98,56
FN:98,DeliHookConstantProduct.constructor
FNDA:56,DeliHookConstantProduct.constructor
DA:106,56
BRDA:106,0,0,-
DA:108,56
DA:109,56
DA:110,56
DA:111,56
DA:112,56
DA:121,31
FN:121,DeliHookConstantProduct.setFeeProcessor
FNDA:31,DeliHookConstantProduct.setFeeProcessor
DA:122,31
BRDA:122,1,0,-
DA:123,31
DA:124,31
DA:129,31
FN:129,DeliHookConstantProduct.setDailyEpochGauge
FNDA:31,DeliHookConstantProduct.setDailyEpochGauge
DA:130,31
BRDA:130,2,0,-
DA:131,31
DA:132,31
DA:137,31
FN:137,DeliHookConstantProduct.setIncentiveGauge
FNDA:31,DeliHookConstantProduct.setIncentiveGauge
DA:138,31
BRDA:138,3,0,-
DA:139,31
DA:140,31
DA:145,10
FN:145,DeliHookConstantProduct.setV2PositionHandler
FNDA:10,DeliHookConstantProduct.setV2PositionHandler
DA:146,10
BRDA:146,4,0,-
DA:147,10
DA:148,10
DA:155,126
FN:155,DeliHookConstantProduct._beforeInitialize
FNDA:126,DeliHookConstantProduct._beforeInitialize
DA:161,126
BRDA:161,5,0,-
DA:162,0
DA:165,126
BRDA:165,6,0,-
DA:166,0
DA:169,126
BRDA:169,7,0,-
DA:171,126
BRDA:171,8,0,-
DA:173,126
BRDA:173,9,0,-
DA:174,126
BRDA:174,10,0,-
DA:175,126
BRDA:175,11,0,-
DA:177,126
DA:180,126
DA:183,126
DA:187,126
FN:187,DeliHookConstantProduct._afterInitialize
FNDA:126,DeliHookConstantProduct._afterInitialize
DA:189,126
DA:191,126
DA:193,126
DA:200,329
FN:200,DeliHookConstantProduct._beforeSwap
FNDA:329,DeliHookConstantProduct._beforeSwap
DA:206,329
DA:209,329
DA:212,328
DA:213,328
DA:216,328
DA:219,328
FN:219,DeliHookConstantProduct._afterSwap
FNDA:328,DeliHookConstantProduct._afterSwap
DA:227,328
DA:228,328
DA:231,328
DA:234,328
BRDA:234,12,0,315
DA:236,315
DA:237,315
DA:238,315
DA:242,328
DA:245,328
BRDA:245,13,0,328
DA:246,13
BRDA:246,14,0,13
BRDA:246,14,1,315
DA:247,13
DA:249,315
DA:254,328
DA:255,328
DA:256,328
DA:257,328
DA:258,328
DA:260,328
DA:267,332
FN:267,DeliHookConstantProduct._getUnspecifiedAmount
FNDA:332,DeliHookConstantProduct._getUnspecifiedAmount
DA:273,332
DA:274,332
BRDA:274,15,0,-
DA:275,332
DA:277,332
DA:278,332
DA:280,332
DA:281,332
DA:283,332
BRDA:283,16,0,-
DA:285,332
DA:289,332
DA:291,325
BRDA:291,17,0,325
BRDA:291,17,1,6
DA:296,325
DA:298,325
DA:299,325
DA:300,325
DA:301,325
DA:304,7
BRDA:304,19,0,1
DA:307,6
BRDA:307,20,0,-
DA:309,6
DA:310,6
DA:311,6
DA:315,328
FN:315,DeliHookConstantProduct._getSwapFeeAmount
FNDA:328,DeliHookConstantProduct._getSwapFeeAmount
DA:317,0
DA:324,341
FN:324,DeliHookConstantProduct._getAmountIn
FNDA:341,DeliHookConstantProduct._getAmountIn
DA:330,341
DA:331,341
BRDA:331,21,0,-
DA:332,341
DA:335,341
BRDA:335,22,0,-
DA:337,341
DA:339,341
BRDA:339,23,0,328
BRDA:339,23,1,12
DA:341,328
DA:342,327
DA:343,327
DA:345,327
BRDA:345,24,0,-
DA:348,13
DA:350,13
BRDA:350,25,0,10
BRDA:350,25,1,2
DA:351,10
BRDA:351,26,0,-
DA:352,10
DA:353,10
DA:355,3
DA:356,3
BRDA:356,27,0,1
DA:357,1
DA:359,2
DA:360,2
DA:364,12
DA:366,12
BRDA:366,28,0,-
DA:370,7
FN:370,DeliHookConstantProduct._getAmountOut
FNDA:7,DeliHookConstantProduct._getAmountOut
DA:376,7
DA:377,7
BRDA:377,29,0,-
DA:378,7
DA:381,7
BRDA:381,30,0,-
DA:383,7
DA:386,7
DA:387,7
DA:389,7
BRDA:389,31,0,1
DA:396,339
FN:396,DeliHookConstantProduct._mint
FNDA:339,DeliHookConstantProduct._mint
DA:403,339
DA:404,339
DA:407,339
DA:408,339
DA:411,339
BRDA:411,32,0,327
BRDA:411,32,1,12
DA:413,327
DA:414,327
DA:417,327
DA:419,12
DA:422,12
DA:426,339
DA:429,339
BRDA:429,33,0,15
DA:430,15
DA:433,339
DA:436,6
FN:436,DeliHookConstantProduct._burn
FNDA:6,DeliHookConstantProduct._burn
DA:443,6
DA:444,6
DA:447,6
DA:448,6
DA:451,6
DA:454,6
DA:457,6
BRDA:457,34,0,2
DA:458,2
DA:462,6
DA:464,6
DA:471,56
FN:471,DeliHookConstantProduct.getHookPermissions
FNDA:56,DeliHookConstantProduct.getHookPermissions
DA:472,56
DA:494,673
FN:494,DeliHookConstantProduct._update
FNDA:673,DeliHookConstantProduct._update
DA:495,673
BRDA:495,35,0,-
DA:496,673
DA:497,673
DA:498,673
DA:499,673
DA:503,325
FN:503,DeliHookConstantProduct._getAmountOut
FNDA:325,DeliHookConstantProduct._getAmountOut
DA:508,325
DA:509,325
DA:511,325
DA:512,325
DA:514,325
DA:515,325
DA:516,325
DA:517,325
DA:521,3
FN:521,DeliHookConstantProduct._getAmountIn
FNDA:3,DeliHookConstantProduct._getAmountIn
DA:526,3
DA:527,3
DA:529,3
BRDA:529,37,0,-
DA:531,3
DA:532,3
BRDA:532,38,0,-
DA:534,3
DA:535,3
DA:536,3
DA:540,328
FN:540,DeliHookConstantProduct._updateReservesAfterSwap
FNDA:328,DeliHookConstantProduct._updateReservesAfterSwap
DA:542,328
DA:543,328
DA:545,328
DA:546,328
DA:547,328
DA:549,325
BRDA:549,39,0,325
BRDA:549,39,1,-
DA:551,325
DA:552,325
DA:554,299
BRDA:554,40,0,299
BRDA:554,40,1,26
DA:555,299
DA:556,299
DA:558,26
DA:559,26
DA:563,3
DA:564,3
DA:566,3
BRDA:566,41,0,3
BRDA:566,41,1,-
DA:567,3
DA:568,3
DA:570,0
DA:571,0
DA:578,328
BRDA:578,42,0,315
DA:579,315
BRDA:579,43,0,303
BRDA:579,43,1,12
DA:580,303
DA:582,12
DA:587,328
DA:593,329
FN:593,DeliHookConstantProduct._calculateImplicitFee
FNDA:329,DeliHookConstantProduct._calculateImplicitFee
DA:594,329
DA:595,329
DA:597,329
DA:598,329
DA:601,329
DA:602,329
DA:603,29
BRDA:603,44,0,29
BRDA:603,44,1,290
DA:605,29
DA:608,300
DA:615,329
DA:617,329
DA:618,329
DA:620,329
DA:622,325
BRDA:622,45,0,325
BRDA:622,45,1,3
DA:625,325
DA:629,4
DA:631,3
DA:632,3
DA:635,328
DA:636,328
DA:640,315
FN:640,DeliHookConstantProduct._forwardFeeToProcessor
FNDA:315,DeliHookConstantProduct._forwardFeeToProcessor
DA:641,315
DA:648,315
DA:651,315
DA:654,315
DA:656,315
DA:660,13
FN:660,DeliHookConstantProduct._forwardInternalFeeToProcessor
FNDA:13,DeliHookConstantProduct._forwardInternalFeeToProcessor
DA:663,13
DA:666,13
DA:669,13
DA:671,13
DA:675,328
FN:675,DeliHookConstantProduct._clearHookDeltas
FNDA:328,DeliHookConstantProduct._clearHookDeltas
DA:677,328
DA:678,328
BRDA:678,46,0,-
BRDA:678,46,1,328
DA:679,0
DA:680,328
BRDA:680,47,0,-
DA:681,0
DA:685,328
DA:686,328
BRDA:686,48,0,-
BRDA:686,48,1,328
DA:687,0
DA:688,328
BRDA:688,49,0,-
DA:689,0
DA:693,328
DA:694,328
DA:701,558
FN:701,DeliHookConstantProduct.getReserves
FNDA:558,DeliHookConstantProduct.getReserves
DA:702,558
DA:703,558
DA:706,7
FN:706,DeliHookConstantProduct.getTotalSupply
FNDA:7,DeliHookConstantProduct.getTotalSupply
DA:707,7
DA:710,28
FN:710,DeliHookConstantProduct.balanceOf
FNDA:28,DeliHookConstantProduct.balanceOf
DA:711,28
FNF:27
FNH:27
LF:251
LH:242
BRF:61
BRH:30
end_of_record
TN:
SF:src/FeeProcessor.sol
DA:106,84
FN:106,FeeProcessor.constructor
FNDA:84,FeeProcessor.constructor
DA:114,84
DA:115,84
DA:117,84
DA:119,84
DA:120,84
DA:121,84
DA:122,84
DA:129,84313
FN:129,FeeProcessor.onlyHook
FNDA:84313,FeeProcessor.onlyHook
DA:130,84313
BRDA:130,0,0,1
DA:140,172118
FN:140,FeeProcessor.collectFee
FNDA:172118,FeeProcessor.collectFee
DA:141,172117
DA:142,172117
DA:144,172117
BRDA:144,1,0,-
DA:146,172117
DA:147,172117
DA:149,172117
DA:151,88557
BRDA:151,2,0,88557
BRDA:151,2,1,88557
DA:153,88557
DA:154,88557
DA:157,88557
DA:160,83560
DA:163,83560
DA:167,172117
DA:174,84313
FN:174,FeeProcessor.collectInternalFee
FNDA:84313,FeeProcessor.collectInternalFee
DA:175,84312
BRDA:175,3,0,1
DA:178,84311
DA:179,84311
DA:181,84311
DA:182,84311
DA:185,84311
BRDA:185,4,0,82570
DA:186,82570
DA:187,82570
DA:191,84311
BRDA:191,5,0,84311
DA:192,84311
DA:205,5
FN:205,FeeProcessor.claimVoterFees
FNDA:5,FeeProcessor.claimVoterFees
DA:206,4
DA:207,4
BRDA:207,6,0,1
DA:208,3
DA:209,3
DA:210,3
DA:215,2
FN:215,FeeProcessor.setBuybackBps
FNDA:2,FeeProcessor.setBuybackBps
DA:216,2
BRDA:216,7,0,1
DA:217,1
DA:218,1
DA:224,9
FN:224,FeeProcessor.setMinOutBps
FNDA:9,FeeProcessor.setMinOutBps
DA:225,9
BRDA:225,8,0,1
DA:226,8
DA:227,8
DA:233,36
FN:233,FeeProcessor.setBuybackPoolKey
FNDA:36,FeeProcessor.setBuybackPoolKey
DA:234,1
BRDA:234,9,0,1
DA:236,35
DA:237,35
DA:238,35
BRDA:238,10,0,1
DA:239,34
DA:240,34
DA:241,34
DA:245,0
FN:245,FeeProcessor.setHook
FNDA:0,FeeProcessor.setHook
DA:246,0
BRDA:246,11,0,-
DA:247,0
DA:248,0
DA:257,25
FN:257,FeeProcessor.flushBuffers
FNDA:25,FeeProcessor.flushBuffers
DA:258,25
BRDA:258,12,0,2
DA:259,23
DA:267,2
FN:267,FeeProcessor.sweepERC20
FNDA:2,FeeProcessor.sweepERC20
DA:268,2
BRDA:268,13,0,1
DA:269,1
DA:270,1
DA:279,172140
FN:279,FeeProcessor._tryFlushBuffers
FNDA:172140,FeeProcessor._tryFlushBuffers
DA:280,172140
DA:283,172092
BRDA:283,15,0,81743
DA:284,81743
DA:288,90368
BRDA:288,16,0,90345
DA:289,90345
DA:296,172088
FN:296,FeeProcessor._initiateSwap
FNDA:172088,FeeProcessor._initiateSwap
DA:297,172088
BRDA:297,17,0,-
DA:298,172088
BRDA:298,18,0,-
DA:299,172088
DA:300,172088
DA:303,172088
BRDA:303,19,0,81743
BRDA:303,19,1,90345
DA:304,81743
DA:305,90345
BRDA:305,20,0,90345
DA:306,90345
DA:310,172088
BRDA:310,21,0,3
BRDA:310,21,1,34
DA:312,3
DA:315,39
DA:320,39
FN:320,FeeProcessor._unlockCallback
FNDA:39,FeeProcessor._unlockCallback
DA:321,39
BRDA:321,22,0,-
DA:322,39
DA:323,34
DA:328,42
FN:328,FeeProcessor._executeSwap
FNDA:42,FeeProcessor._executeSwap
DA:329,42
DA:330,42
DA:331,42
BRDA:331,23,0,-
DA:334,42
DA:335,42
DA:337,42
DA:338,42
DA:341,42
DA:342,42
BRDA:342,24,0,23
BRDA:342,24,1,19
DA:343,23
DA:346,19
DA:350,42
BRDA:350,25,0,23
BRDA:350,25,1,19
DA:351,23
DA:353,23
BRDA:353,26,0,22
DA:356,19
DA:357,19
BRDA:357,27,0,2
DA:361,42
DA:363,42
DA:370,42
DA:371,42
DA:372,42
DA:373,18
BRDA:373,28,0,18
BRDA:373,28,1,24
DA:375,18
DA:378,24
DA:381,42
DA:382,42
BRDA:382,29,0,42
DA:385,40
DA:386,2
BRDA:386,29,1,2
DA:388,2
DA:390,2
BRDA:390,30,0,2
BRDA:390,30,1,-
DA:392,2
DA:393,2
DA:394,0
BRDA:394,31,0,-
DA:396,0
DA:397,0
DA:399,2
DA:400,2
DA:401,2
DA:405,40
DA:406,40
DA:408,40
BRDA:408,32,0,5
DA:411,35
DA:413,35
BRDA:413,33,0,17
BRDA:413,33,1,18
DA:415,17
DA:416,17
DA:417,17
DA:420,18
DA:422,18
DA:423,18
DA:426,35
DA:427,35
FNF:15
FNH:14
LF:142
LH:135
BRF:42
BRH:34
end_of_record
TN:
SF:src/IncentiveGauge.sol
DA:123,57
FN:123,IncentiveGauge.constructor
FNDA:57,IncentiveGauge.constructor
DA:124,57
DA:125,57
DA:126,57
DA:127,57
DA:134,307
FN:134,IncentiveGauge.onlyPositionManagerAdapter
FNDA:307,IncentiveGauge.onlyPositionManagerAdapter
DA:135,307
BRDA:135,0,0,-
DA:139,386045
FN:139,IncentiveGauge.onlyHook
FNDA:386045,IncentiveGauge.onlyHook
DA:140,386045
BRDA:140,1,0,-
DA:148,0
FN:148,IncentiveGauge.setHook
FNDA:0,IncentiveGauge.setHook
DA:149,0
BRDA:149,2,0,-
DA:150,0
DA:151,0
DA:154,60
FN:154,IncentiveGauge.setWhitelist
FNDA:60,IncentiveGauge.setWhitelist
DA:155,60
DA:156,60
DA:159,37
FN:159,IncentiveGauge.setPositionManagerAdapter
FNDA:37,IncentiveGauge.setPositionManagerAdapter
DA:160,37
BRDA:160,3,0,-
DA:161,37
DA:162,37
DA:170,386045
FN:170,IncentiveGauge.pokePool
FNDA:386045,IncentiveGauge.pokePool
DA:171,386045
DA:172,386045
DA:173,386045
DA:174,386045
DA:176,386035
DA:177,386035
DA:178,641975
DA:187,385807
FN:187,IncentiveGauge.createIncentive
FNDA:385807,IncentiveGauge.createIncentive
DA:189,385807
DA:193,1
BRDA:193,5,0,1
DA:194,1
DA:196,385806
BRDA:196,6,0,-
DA:198,385806
DA:199,385806
DA:202,385806
DA:204,385806
DA:205,385806
BRDA:205,7,0,373268
DA:206,373268
DA:207,373268
DA:210,385806
DA:211,385806
DA:212,385806
DA:213,385806
DA:214,385806
DA:216,385806
DA:219,385806
DA:222,385806
DA:224,385806
BRDA:224,8,0,1588
DA:225,1588
DA:226,1588
DA:230,385806
BRDA:230,9,0,385803
DA:231,385803
DA:232,385803
BRDA:232,10,0,299
DA:240,1
FN:240,IncentiveGauge.claim
FNDA:1,IncentiveGauge.claim
DA:241,1
DA:242,1
BRDA:242,11,0,-
DA:243,1
DA:249,13
FN:249,IncentiveGauge.claimAllForOwner
FNDA:13,IncentiveGauge.claimAllForOwner
DA:250,13
DA:251,13
DA:252,13
DA:253,13
DA:254,13
DA:255,10
DA:257,10
DA:258,13
DA:259,13
DA:260,40
DA:261,40
DA:263,40
DA:264,40
DA:265,40
DA:266,40
BRDA:266,13,0,37
DA:267,40
DA:278,2
FN:278,IncentiveGauge.poolTokensOf
FNDA:2,IncentiveGauge.poolTokensOf
DA:279,2
DA:283,8
FN:283,IncentiveGauge.incentiveData
FNDA:8,IncentiveGauge.incentiveData
DA:288,8
DA:289,8
DA:290,8
DA:291,8
DA:295,2
FN:295,IncentiveGauge.incentiveDataBatch
FNDA:2,IncentiveGauge.incentiveDataBatch
DA:300,2
DA:301,2
DA:302,2
DA:303,2
DA:304,2
DA:305,3
DA:306,3
DA:307,3
DA:308,3
DA:313,3
FN:313,IncentiveGauge.pendingRewards
FNDA:3,IncentiveGauge.pendingRewards
DA:318,3
DA:319,3
DA:320,3
DA:321,3
DA:322,3
DA:326,0
FN:326,IncentiveGauge.pendingRewardsBatch
FNDA:0,IncentiveGauge.pendingRewardsBatch
DA:331,0
DA:332,0
DA:333,0
DA:334,0
DA:335,0
DA:336,0
DA:337,0
DA:338,0
DA:343,264
FN:343,IncentiveGauge.pendingRewardsOwner
FNDA:264,IncentiveGauge.pendingRewardsOwner
DA:344,264
DA:348,2
FN:348,IncentiveGauge.pendingRewardsOwnerBatch
FNDA:2,IncentiveGauge.pendingRewardsOwnerBatch
DA:353,2
DA:354,2
DA:355,2
DA:356,2
DA:365,385806
FN:365,IncentiveGauge._addTokenToPool
FNDA:385806,IncentiveGauge._addTokenToPool
DA:366,385806
DA:367,385806
DA:368,512217
DA:370,1588
DA:374,266
FN:374,IncentiveGauge._pendingRewardsForPool
FNDA:266,IncentiveGauge._pendingRewardsForPool
DA:375,266
DA:376,266
DA:377,266
DA:379,266
DA:380,266
DA:382,266
DA:383,267
DA:384,267
DA:385,267
DA:386,8
DA:388,267
DA:393,0
FN:393,IncentiveGauge._pendingForPosTok
FNDA:0,IncentiveGauge._pendingForPosTok
DA:394,0
DA:395,0
DA:396,0
DA:400,8
FN:400,IncentiveGauge._pendingForPosTokFull
FNDA:8,IncentiveGauge._pendingForPosTokFull
DA:401,8
DA:402,8
DA:403,8
DA:404,8
DA:405,8
DA:409,642064
FN:409,IncentiveGauge._updatePool
FNDA:642064,IncentiveGauge._updatePool
DA:410,642064
DA:411,642064
DA:414,630998
DA:417,630998
DA:418,630998
BRDA:418,16,0,630651
DA:419,630651
DA:420,630651
BRDA:420,17,0,10998
DA:421,630651
DA:422,630651
DA:423,630651
BRDA:423,18,0,10998
DA:428,87
FN:428,IncentiveGauge._applyLiquidityDelta
FNDA:87,IncentiveGauge._applyLiquidityDelta
DA:429,87
DA:432,87
DA:433,87
DA:435,87
DA:438,87
DA:439,87
DA:449,87
DA:450,87
BRDA:450,19,0,87
DA:451,87
DA:452,87
DA:460,87
DA:463,87
DA:464,87
BRDA:464,20,0,-
DA:465,0
DA:466,0
DA:478,87
DA:489,174
FN:489,IncentiveGauge._ensureTickInitialised
FNDA:174,IncentiveGauge._ensureTickInitialised
DA:490,174
DA:491,174
BRDA:491,21,0,174
DA:493,174
DA:495,174
DA:497,174
DA:502,0
FN:502,IncentiveGauge._removeLiquidityCompletely
FNDA:0,IncentiveGauge._removeLiquidityCompletely
DA:503,0
DA:504,0
DA:507,0
DA:508,0
DA:512,0
DA:527,307
FN:527,IncentiveGauge.notifySubscribe
FNDA:307,IncentiveGauge.notifySubscribe
DA:528,307
DA:529,307
DA:530,307
DA:532,307
DA:533,307
DA:536,307
DA:539,307
BRDA:539,22,0,306
DA:541,306
DA:542,306
DA:543,306
DA:547,1
DA:548,1
DA:551,1
DA:554,1
DA:555,1
DA:556,1
DA:559,1
DA:560,1
DA:563,1
DA:566,1
DA:569,1
DA:581,94
FN:581,IncentiveGauge.notifyUnsubscribe
FNDA:94,IncentiveGauge.notifyUnsubscribe
DA:582,94
DA:583,94
DA:584,94
DA:585,94
DA:587,94
DA:588,94
DA:591,94
BRDA:591,23,0,-
DA:592,0
DA:595,94
DA:596,94
DA:597,94
DA:598,94
DA:601,94
DA:604,94
DA:605,94
DA:609,94
DA:610,94
BRDA:610,24,0,94
DA:611,94
DA:615,0
DA:618,0
DA:632,0
DA:636,94
DA:637,94
DA:641,86
FN:641,IncentiveGauge.notifyBurn
FNDA:86,IncentiveGauge.notifyBurn
DA:647,86
DA:648,86
DA:650,86
DA:653,86
BRDA:653,25,0,1
DA:654,1
DA:658,85
DA:659,85
DA:661,85
DA:664,85
DA:667,85
DA:668,85
DA:672,85
DA:673,85
BRDA:673,26,0,85
DA:674,85
DA:678,0
DA:681,0
DA:695,0
DA:699,85
DA:700,85
DA:704,89
FN:704,IncentiveGauge.notifyModifyLiquidity
FNDA:89,IncentiveGauge.notifyModifyLiquidity
DA:708,89
DA:709,89
DA:711,89
DA:712,89
DA:714,89
DA:716,89
DA:717,89
DA:720,89
BRDA:720,27,0,2
DA:721,2
BRDA:721,28,0,-
BRDA:721,28,1,2
DA:722,0
DA:723,0
DA:725,2
DA:727,2
DA:731,87
DA:734,87
DA:735,87
DA:736,87
DA:737,87
DA:740,87
DA:741,87
DA:744,87
DA:747,87
DA:761,87
BRDA:761,29,0,87
DA:762,87
DA:767,87
BRDA:767,30,0,87
BRDA:767,30,1,-
DA:768,87
DA:769,87
DA:771,0
FNF:29
FNH:25
LF:276
LH:241
BRF:29
BRH:19
end_of_record
TN:
SF:src/PositionManagerAdapter.sol
DA:53,37
FN:53,PositionManagerAdapter.constructor
FNDA:37,PositionManagerAdapter.constructor
DA:54,37
BRDA:54,0,0,-
DA:55,0
DA:58,37
DA:59,37
DA:66,307
FN:66,PositionManagerAdapter.onlyAuthorizedCaller
FNDA:307,PositionManagerAdapter.onlyAuthorizedCaller
DA:67,307
BRDA:67,1,0,-
DA:77,37
FN:77,PositionManagerAdapter.addHandler
FNDA:37,PositionManagerAdapter.addHandler
DA:78,37
BRDA:78,2,0,-
DA:80,37
DA:81,37
DA:85,37
DA:87,0
BRDA:87,3,0,-
DA:88,0
DA:91,37
DA:92,37
DA:94,37
DA:99,0
FN:99,PositionManagerAdapter.removeHandler
FNDA:0,PositionManagerAdapter.removeHandler
DA:100,0
DA:101,0
BRDA:101,4,0,-
DA:103,0
DA:104,0
DA:107,0
DA:108,0
BRDA:108,5,0,-
DA:109,0
DA:111,0
DA:112,0
DA:115,0
DA:116,0
DA:118,0
DA:122,0
FN:122,PositionManagerAdapter.setGauges
FNDA:0,PositionManagerAdapter.setGauges
DA:123,0
BRDA:123,6,0,-
DA:124,0
DA:126,0
DA:127,0
DA:128,0
DA:132,40
FN:132,PositionManagerAdapter.setAuthorizedCaller
FNDA:40,PositionManagerAdapter.setAuthorizedCaller
DA:133,40
DA:134,40
DA:138,30
FN:138,PositionManagerAdapter.setPositionManager
FNDA:30,PositionManagerAdapter.setPositionManager
DA:139,30
DA:149,3
FN:149,PositionManagerAdapter.getHandler
FNDA:3,PositionManagerAdapter.getHandler
DA:150,2943
DA:151,2943
DA:152,2943
BRDA:152,7,0,2943
DA:153,2943
DA:156,0
DA:161,980
FN:161,PositionManagerAdapter.getPoolAndPositionInfo
FNDA:980,PositionManagerAdapter.getPoolAndPositionInfo
DA:162,980
DA:163,980
DA:168,980
FN:168,PositionManagerAdapter.getPositionLiquidity
FNDA:980,PositionManagerAdapter.getPositionLiquidity
DA:169,980
DA:170,980
DA:175,980
FN:175,PositionManagerAdapter.ownerOf
FNDA:980,PositionManagerAdapter.ownerOf
DA:176,980
DA:177,980
DA:182,172
FN:182,PositionManagerAdapter.getPoolKeyFromPositionInfo
FNDA:172,PositionManagerAdapter.getPoolKeyFromPositionInfo
DA:183,172
BRDA:183,8,0,-
DA:184,172
DA:185,172
DA:193,307
FN:193,PositionManagerAdapter.notifySubscribe
FNDA:307,PositionManagerAdapter.notifySubscribe
DA:195,307
DA:196,307
DA:200,94
FN:200,PositionManagerAdapter.notifyUnsubscribe
FNDA:94,PositionManagerAdapter.notifyUnsubscribe
DA:202,94
DA:203,94
DA:207,86
FN:207,PositionManagerAdapter.notifyBurn
FNDA:86,PositionManagerAdapter.notifyBurn
DA:215,86
DA:216,86
DA:220,89
FN:220,PositionManagerAdapter.notifyModifyLiquidity
FNDA:89,PositionManagerAdapter.notifyModifyLiquidity
DA:226,89
DA:227,89
FNF:16
FNH:14
LF:72
LH:49
BRF:9
BRH:1
end_of_record
TN:
SF:src/Voter.sol
DA:80,20
FN:80,Voter.constructor
FNDA:20,Voter.constructor
DA:90,20
BRDA:90,0,0,-
DA:92,20
DA:93,20
DA:94,20
DA:95,20
DA:96,20
DA:97,20
DA:104,2563529
FN:104,Voter.onlyAdmin
FNDA:2563529,Voter.onlyAdmin
DA:105,2563529
BRDA:105,1,0,-
DA:114,147874
FN:114,Voter.currentEpoch
FNDA:147874,Voter.currentEpoch
DA:115,362370
DA:119,0
FN:119,Voter.epochEnd
FNDA:0,Voter.epochEnd
DA:120,0
DA:126,0
FN:126,Voter.getUserVote
FNDA:0,Voter.getUserVote
DA:131,0
DA:133,0
BRDA:133,2,0,-
DA:135,0
DA:136,0
BRDA:136,3,0,-
BRDA:136,3,1,-
DA:137,0
DA:138,0
DA:140,0
DA:141,0
DA:143,0
DA:147,0
DA:148,0
BRDA:148,4,0,-
BRDA:148,4,1,-
DA:149,0
DA:150,0
DA:151,0
DA:153,0
DA:154,0
DA:155,0
DA:163,0
FN:163,Voter.epochData
FNDA:0,Voter.epochData
DA:168,0
DA:169,0
DA:170,0
DA:171,0
DA:175,0
FN:175,Voter.currentEpochData
FNDA:0,Voter.currentEpochData
DA:180,0
DA:181,0
DA:182,0
DA:183,0
DA:184,0
DA:190,0
FN:190,Voter.autoVoteOf
FNDA:0,Voter.autoVoteOf
DA:191,0
DA:192,0
DA:193,0
DA:197,0
FN:197,Voter.autoVoterCount
FNDA:0,Voter.autoVoterCount
DA:198,0
DA:208,150049
FN:208,Voter.deposit
FNDA:150049,Voter.deposit
DA:209,150049
DA:210,150049
DA:211,0
BRDA:211,5,0,-
DA:212,150049
BRDA:212,6,0,1
DA:213,150048
DA:214,150048
DA:215,150048
DA:222,2563529
FN:222,Voter.finalize
FNDA:2563529,Voter.finalize
DA:223,2563529
BRDA:223,7,0,147872
DA:224,2415657
DA:225,2375432
BRDA:225,8,0,2375432
DA:228,40225
DA:229,40225
DA:232,40224
DA:235,40224
DA:236,40224
BRDA:236,10,0,14988
DA:237,40224
BRDA:237,11,0,9241
DA:239,40224
DA:240,40224
DA:241,40224
BRDA:241,12,0,20820
DA:242,40224
BRDA:242,13,0,20985
DA:243,20985
DA:244,20985
DA:246,40224
DA:252,64448
FN:252,Voter.vote
FNDA:64448,Voter.vote
DA:253,64448
BRDA:253,14,0,1
DA:254,64447
DA:255,64447
DA:257,32358
BRDA:257,15,0,32358
BRDA:257,15,1,14745
DA:259,32358
DA:260,32358
BRDA:260,16,0,17404
DA:261,17404
DA:262,17404
DA:264,32358
DA:267,32089
BRDA:267,17,0,14745
DA:268,14745
DA:269,14745
DA:270,14745
BRDA:270,18,0,11603
DA:271,11603
DA:272,11603
DA:273,11603
DA:275,14745
DA:276,14745
DA:277,14745
DA:279,32089
DA:288,64447
FN:288,Voter._castVote
FNDA:64447,Voter._castVote
DA:289,64447
DA:290,0
BRDA:290,19,0,-
DA:291,64447
DA:292,64447
BRDA:292,20,0,-
DA:293,64447
DA:294,64447
DA:297,64447
BRDA:297,21,0,10685
DA:298,10685
DA:302,64447
DA:303,64447
DA:304,64447
DA:305,64447
DA:310,40225
FN:310,Voter._tallyAutoVotes
FNDA:40225,Voter._tallyAutoVotes
DA:311,40225
DA:312,40225
DA:313,229905
DA:314,189680
DA:315,189680
DA:316,189680
DA:317,189680
DA:319,189680
DA:320,189680
DA:322,189680
DA:324,163348
DA:325,163348
BRDA:325,24,0,1
DA:326,1
DA:327,1
DA:329,163347
DA:330,163347
DA:331,163347
DA:333,40225
DA:337,1
FN:337,Voter._removeAutoVoter
FNDA:1,Voter._removeAutoVoter
DA:338,1
DA:339,1
BRDA:339,25,0,1
DA:340,1
DA:341,1
DA:342,1
DA:344,1
DA:345,1
DA:346,1
DA:347,1
DA:358,0
FN:358,Voter.setOptions
FNDA:0,Voter.setOptions
DA:359,0
BRDA:359,26,0,-
DA:360,0
DA:361,0
DA:366,0
FN:366,Voter.setSafetyModule
FNDA:0,Voter.setSafetyModule
DA:367,0
BRDA:367,27,0,-
DA:368,0
DA:369,0
DA:374,0
FN:374,Voter.setDistributor
FNDA:0,Voter.setDistributor
DA:375,0
BRDA:375,28,0,-
DA:376,0
DA:377,0
DA:382,20
FN:382,Voter.setAdmin
FNDA:20,Voter.setAdmin
DA:383,20
BRDA:383,29,0,-
DA:384,20
DA:385,20
FNF:19
FNH:10
LF:153
LH:102
BRF:30
BRH:16
end_of_record
TN:
SF:src/base/MultiPoolCustomCurve.sol
DA:105,1646
FN:105,MultiPoolCustomCurve.ensure
FNDA:1646,MultiPoolCustomCurve.ensure
DA:106,1646
BRDA:106,0,0,2
DA:122,1646
FN:122,MultiPoolCustomCurve.addLiquidity
FNDA:1646,MultiPoolCustomCurve.addLiquidity
DA:129,1644
DA:131,1644
BRDA:131,1,0,1
DA:134,1643
DA:135,1643
BRDA:135,2,0,-
DA:138,1643
DA:141,1643
DA:144,1641
DA:147,1641
DA:150,1641
DA:153,1641
DA:154,1641
BRDA:154,3,0,1
DA:155,1
DA:159,0
BRDA:159,4,0,-
DA:160,0
BRDA:160,5,0,-
DA:161,0
DA:172,531
FN:172,MultiPoolCustomCurve.removeLiquidity
FNDA:531,MultiPoolCustomCurve.removeLiquidity
DA:178,531
DA:180,531
BRDA:180,6,0,1
DA:183,530
DA:186,530
DA:189,424
DA:192,424
DA:195,424
DA:198,424
BRDA:198,7,0,1
DA:199,1
DA:207,341
FN:207,MultiPoolCustomCurve._getAddLiquidity
FNDA:341,MultiPoolCustomCurve._getAddLiquidity
DA:212,341
DA:213,339
DA:220,7
FN:220,MultiPoolCustomCurve._getRemoveLiquidity
FNDA:7,MultiPoolCustomCurve._getRemoveLiquidity
DA:225,7
DA:226,6
DA:238,2065
FN:238,MultiPoolCustomCurve._modifyLiquidity
FNDA:2065,MultiPoolCustomCurve._modifyLiquidity
DA:243,2065
DA:244,2065
DA:257,2065
FN:257,MultiPoolCustomCurve.unlockCallback
FNDA:2065,MultiPoolCustomCurve.unlockCallback
DA:264,2065
DA:267,2065
DA:268,2065
DA:270,2065
DA:271,2065
DA:273,2065
DA:276,2065
BRDA:276,8,0,422
DA:278,422
DA:280,422
DA:282,422
DA:286,2065
BRDA:286,9,0,422
DA:288,422
DA:290,422
DA:292,422
DA:296,2065
BRDA:296,10,0,1641
DA:298,1641
DA:300,1641
DA:302,1641
DA:306,2065
BRDA:306,11,0,1641
DA:308,1641
DA:310,1641
DA:312,1641
DA:315,2065
DA:318,2065
DA:321,2065
DA:331,851
FN:331,MultiPoolCustomCurve._beforeSwap
FNDA:851,MultiPoolCustomCurve._beforeSwap
DA:338,851
DA:341,851
DA:344,851
DA:345,851
DA:348,851
DA:351,851
DA:354,851
DA:357,851
DA:359,841
BRDA:359,12,0,841
BRDA:359,12,1,10
DA:362,841
DA:364,841
DA:366,841
DA:370,10
DA:372,10
DA:374,10
DA:379,851
BRDA:379,13,0,815
BRDA:379,13,1,26
DA:380,815
DA:389,36
DA:399,851
DA:405,680
FN:405,MultiPoolCustomCurve._beforeInitialize
FNDA:680,MultiPoolCustomCurve._beforeInitialize
DA:406,680
DA:409,680
DA:411,680
DA:417,0
FN:417,MultiPoolCustomCurve._beforeAddLiquidity
FNDA:0,MultiPoolCustomCurve._beforeAddLiquidity
DA:423,0
DA:429,0
FN:429,MultiPoolCustomCurve._beforeRemoveLiquidity
FNDA:0,MultiPoolCustomCurve._beforeRemoveLiquidity
DA:435,0
DA:528,21
FN:528,MultiPoolCustomCurve.getHookPermissions
FNDA:21,MultiPoolCustomCurve.getHookPermissions
DA:529,21
FNF:12
FNH:10
LF:93
LH:86
BRF:16
BRH:13
end_of_record
TN:
SF:src/handlers/V2PositionHandler.sol
DA:71,10
FN:71,V2PositionHandler.constructor
FNDA:10,V2PositionHandler.constructor
DA:72,10
BRDA:72,0,0,-
DA:73,10
DA:80,2
FN:80,V2PositionHandler.onlyV2Hook
FNDA:2,V2PositionHandler.onlyV2Hook
DA:81,2
BRDA:81,1,0,-
DA:90,3
FN:90,V2PositionHandler.setPositionManagerAdapter
FNDA:3,V2PositionHandler.setPositionManagerAdapter
DA:91,3
BRDA:91,2,0,-
DA:92,3
DA:93,3
DA:97,0
FN:97,V2PositionHandler.setV2Pool
FNDA:0,V2PositionHandler.setV2Pool
DA:98,0
DA:106,15
FN:106,V2PositionHandler.notifyAddLiquidity
FNDA:15,V2PositionHandler.notifyAddLiquidity
DA:107,15
DA:108,15
DA:110,15
DA:112,15
BRDA:112,3,0,15
BRDA:112,3,1,-
DA:114,15
DA:117,0
DA:122,2
FN:122,V2PositionHandler.notifyRemoveLiquidity
FNDA:2,V2PositionHandler.notifyRemoveLiquidity
DA:126,2
DA:127,2
DA:129,2
BRDA:129,4,0,-
DA:131,2
DA:133,2
BRDA:133,5,0,1
BRDA:133,5,1,1
DA:135,1
DA:138,1
DA:147,41
FN:147,V2PositionHandler.handlesTokenId
FNDA:41,V2PositionHandler.handlesTokenId
DA:149,41
DA:153,12
FN:153,V2PositionHandler.getPoolAndPositionInfo
FNDA:12,V2PositionHandler.getPoolAndPositionInfo
DA:159,12
DA:160,12
BRDA:160,6,0,-
DA:162,12
DA:163,12
DA:167,15
FN:167,V2PositionHandler.getPositionLiquidity
FNDA:15,V2PositionHandler.getPositionLiquidity
DA:168,15
DA:172,12
FN:172,V2PositionHandler.ownerOf
FNDA:12,V2PositionHandler.ownerOf
DA:173,12
DA:174,12
BRDA:174,7,0,-
DA:175,12
DA:179,10
FN:179,V2PositionHandler.handlerType
FNDA:10,V2PositionHandler.handlerType
DA:180,10
DA:188,15
FN:188,V2PositionHandler._createPosition
FNDA:15,V2PositionHandler._createPosition
DA:192,15
DA:195,15
DA:196,15
DA:197,15
DA:200,15
BRDA:200,8,0,6
DA:201,6
DA:204,15
DA:208,1
FN:208,V2PositionHandler._modifyPosition
FNDA:1,V2PositionHandler._modifyPosition
DA:211,1
DA:212,1
BRDA:212,9,0,-
DA:215,1
BRDA:215,10,0,1
BRDA:215,10,1,1
DA:216,1
DA:217,1
BRDA:217,11,0,-
DA:218,1
DA:220,0
DA:224,1
BRDA:224,12,0,-
DA:225,0
DA:226,0
DA:229,1
DA:233,1
FN:233,V2PositionHandler._burnPosition
FNDA:1,V2PositionHandler._burnPosition
DA:237,1
DA:240,1
BRDA:240,13,0,-
DA:241,0
DA:242,0
DA:246,1
DA:247,1
DA:248,1
DA:250,1
DA:254,13
FN:254,V2PositionHandler._createPositionInfo
FNDA:13,V2PositionHandler._createPositionInfo
DA:255,13
FNF:15
FNH:14
LF:72
LH:64
BRF:17
BRH:6
end_of_record
TN:
SF:src/handlers/V4PositionHandler.sol
DA:20,27
FN:20,V4PositionHandler.constructor
FNDA:27,V4PositionHandler.constructor
DA:21,27
BRDA:21,0,0,-
DA:22,27
DA:26,2904
FN:26,V4PositionHandler.handlesTokenId
FNDA:2904,V4PositionHandler.handlesTokenId
DA:28,2904
BRDA:28,1,0,2904
DA:29,2904
DA:30,0
BRDA:30,1,1,-
DA:31,0
DA:36,968
FN:36,V4PositionHandler.getPoolAndPositionInfo
FNDA:968,V4PositionHandler.getPoolAndPositionInfo
DA:42,968
DA:46,968
FN:46,V4PositionHandler.getPositionLiquidity
FNDA:968,V4PositionHandler.getPositionLiquidity
DA:47,968
DA:51,968
FN:51,V4PositionHandler.ownerOf
FNDA:968,V4PositionHandler.ownerOf
DA:52,968
DA:56,27
FN:56,V4PositionHandler.handlerType
FNDA:27,V4PositionHandler.handlerType
DA:57,27
FNF:6
FNH:6
LF:16
LH:14
BRF:3
BRH:1
end_of_record
TN:
SF:src/libraries/Math.sol
DA:6,328
FN:6,Math.sqrt
FNDA:328,Math.sqrt
DA:7,328
BRDA:7,0,0,328
BRDA:7,0,1,-
DA:8,328
DA:9,328
DA:10,26809
DA:11,26481
DA:12,26481
DA:14,0
BRDA:14,1,0,-
DA:15,0
DA:19,12
FN:19,Math.min
FNDA:12,Math.min
DA:20,12
FNF:2
FNH:2
LF:11
LH:9
BRF:3
BRH:1
end_of_record
TN:
SF:src/libraries/RangePool.sol
DA:46,727418
FN:46,RangePool.rangeRplX128
FNDA:727418,RangePool.rangeRplX128
DA:48,727418
DA:51,727414
BRDA:51,1,0,209184
DA:54,209184
DA:59,518230
BRDA:59,2,0,367403
DA:62,367403
DA:67,150827
DA:72,534
FN:72,RangePool.cumulativeRplX128
FNDA:534,RangePool.cumulativeRplX128
DA:73,534
DA:80,1715
FN:80,RangePool.initialize
FNDA:1715,RangePool.initialize
DA:81,1715
DA:82,1715
DA:90,1393308
FN:90,RangePool.accumulate
FNDA:1393308,RangePool.accumulate
DA:91,1393308
DA:93,1383745
DA:94,1383745
DA:96,1383381
DA:98,1383381
DA:100,350698
DA:101,350698
DA:123,587044
FN:123,RangePool.modifyPositionLiquidity
FNDA:587044,RangePool.modifyPositionLiquidity
DA:124,587044
DA:125,587044
DA:126,587044
DA:128,587044
DA:130,587044
BRDA:130,6,0,587042
DA:131,587042
DA:132,568389
DA:134,209539
BRDA:134,7,0,209539
DA:135,209539
DA:137,197785
BRDA:137,8,0,197785
DA:138,197785
DA:142,567375
BRDA:142,9,0,152275
DA:143,82634
BRDA:143,10,0,82634
DA:144,82487
BRDA:144,11,0,82487
DA:147,567375
BRDA:147,12,0,197989
DA:148,197989
DA:157,500372
FN:157,RangePool.adjustToTick
FNDA:500372,RangePool.adjustToTick
DA:158,500372
DA:159,500372
DA:160,500372
DA:162,6439157
BRDA:162,13,0,6439157
BRDA:162,13,1,6281771
DA:163,6439157
DA:164,6434302
DA:165,6434302
DA:167,6434302
BRDA:167,14,0,244333
DA:168,244333
DA:171,133418
BRDA:171,15,0,133418
DA:172,133418
DA:173,133418
DA:174,133418
DA:176,6189944
DA:180,6532930
DA:181,6527857
DA:182,6527857
DA:184,6527857
BRDA:184,16,0,246086
DA:185,246086
DA:188,158856
BRDA:188,17,0,158856
DA:189,158856
DA:190,158856
DA:191,158856
DA:193,6281771
DA:197,500347
DA:198,500347
DA:205,1155431
FN:205,RangePool.updateTick
FNDA:1155431,RangePool.updateTick
DA:209,1155431
DA:210,1155431
DA:211,1155431
DA:213,1155431
DA:214,1154926
DA:216,1154926
BRDA:216,18,0,242203
DA:217,242203
BRDA:217,19,0,126697
DA:218,126697
DA:222,1154926
DA:224,1135762
DA:228,165121
FN:228,RangePool.clearTick
FNDA:165121,RangePool.clearTick
DA:229,165121
DA:232,292274
FN:232,RangePool._applyCrossTick
FNDA:292274,RangePool._applyCrossTick
DA:237,292274
DA:239,292274
BRDA:239,20,0,-
DA:240,0
DA:243,292274
DA:245,292274
DA:258,1393308
FN:258,RangePool.sync
FNDA:1393308,RangePool.sync
DA:260,1393308
BRDA:260,21,0,-
DA:261,0
DA:263,0
DA:267,1393308
DA:270,1393308
BRDA:270,22,0,500372
DA:271,500372
FNF:10
FNH:10
LF:90
LH:87
BRF:20
BRH:18
end_of_record
TN:
SF:src/libraries/RangePosition.sol
DA:24,726988
FN:24,RangePosition.accrue
FNDA:726988,RangePosition.accrue
DA:29,726988
DA:31,726988
DA:33,726988
DA:34,726988
DA:39,363491
FN:39,RangePosition.claim
FNDA:363491,RangePosition.claim
DA:40,363491
DA:41,363491
DA:45,403
FN:45,RangePosition.initSnapshot
FNDA:403,RangePosition.initSnapshot
DA:46,403
DA:47,403
DA:58,614
FN:58,RangePosition.addPosition
FNDA:614,RangePosition.addPosition
DA:66,614
BRDA:66,0,0,614
DA:67,614
DA:69,614
DA:73,533
FN:73,RangePosition.removePosition
FNDA:533,RangePosition.removePosition
DA:80,533
DA:81,533
DA:82,533
DA:83,533
DA:84,532
BRDA:84,1,0,529
DA:85,529
DA:86,529
DA:87,529
FNF:5
FNH:5
LF:24
LH:24
BRF:2
BRH:2
end_of_record
TN:
SF:src/libraries/TimeLibrary.sol
DA:13,1107
FN:13,TimeLibrary.dayStart
FNDA:1107,TimeLibrary.dayStart
DA:14,1107
DA:18,257
FN:18,TimeLibrary.dayNext
FNDA:257,TimeLibrary.dayNext
DA:19,257
FNF:2
FNH:2
LF:4
LH:4
BRF:0
BRH:0
end_of_record
